mode: set
github.com/chat-note/backend/internal/crypto/aes.go:16.61,18.19 2 1
github.com/chat-note/backend/internal/crypto/aes.go:18.19,22.3 3 1
github.com/chat-note/backend/internal/crypto/aes.go:22.8,22.26 1 1
github.com/chat-note/backend/internal/crypto/aes.go:22.26,24.3 1 1
github.com/chat-note/backend/internal/crypto/aes.go:26.2,26.34 1 1
github.com/chat-note/backend/internal/crypto/aes.go:30.63,31.21 1 1
github.com/chat-note/backend/internal/crypto/aes.go:31.21,33.3 1 1
github.com/chat-note/backend/internal/crypto/aes.go:35.2,36.16 2 1
github.com/chat-note/backend/internal/crypto/aes.go:36.16,38.3 1 0
github.com/chat-note/backend/internal/crypto/aes.go:40.2,41.16 2 1
github.com/chat-note/backend/internal/crypto/aes.go:41.16,43.3 1 0
github.com/chat-note/backend/internal/crypto/aes.go:45.2,46.59 2 1
github.com/chat-note/backend/internal/crypto/aes.go:46.59,48.3 1 0
github.com/chat-note/backend/internal/crypto/aes.go:50.2,52.68 2 1
github.com/chat-note/backend/internal/crypto/aes.go:56.63,57.21 1 1
github.com/chat-note/backend/internal/crypto/aes.go:57.21,59.3 1 1
github.com/chat-note/backend/internal/crypto/aes.go:62.2,62.51 1 1
github.com/chat-note/backend/internal/crypto/aes.go:62.51,64.3 1 1
github.com/chat-note/backend/internal/crypto/aes.go:66.2,67.16 2 1
github.com/chat-note/backend/internal/crypto/aes.go:67.16,69.3 1 1
github.com/chat-note/backend/internal/crypto/aes.go:71.2,72.16 2 1
github.com/chat-note/backend/internal/crypto/aes.go:72.16,74.3 1 0
github.com/chat-note/backend/internal/crypto/aes.go:76.2,77.16 2 1
github.com/chat-note/backend/internal/crypto/aes.go:77.16,79.3 1 0
github.com/chat-note/backend/internal/crypto/aes.go:81.2,82.33 2 1
github.com/chat-note/backend/internal/crypto/aes.go:82.33,84.3 1 1
github.com/chat-note/backend/internal/crypto/aes.go:86.2,88.16 3 1
github.com/chat-note/backend/internal/crypto/aes.go:88.16,90.3 1 1
github.com/chat-note/backend/internal/crypto/aes.go:92.2,92.31 1 1
github.com/chat-note/backend/internal/crypto/jwt.go:23.52,25.2 1 1
github.com/chat-note/backend/internal/crypto/jwt.go:28.71,41.2 3 1
github.com/chat-note/backend/internal/crypto/jwt.go:44.73,45.104 1 1
github.com/chat-note/backend/internal/crypto/jwt.go:45.104,46.58 1 1
github.com/chat-note/backend/internal/crypto/jwt.go:46.58,48.4 1 0
github.com/chat-note/backend/internal/crypto/jwt.go:49.3,49.39 1 1
github.com/chat-note/backend/internal/crypto/jwt.go:52.2,52.16 1 1
github.com/chat-note/backend/internal/crypto/jwt.go:52.16,54.3 1 1
github.com/chat-note/backend/internal/crypto/jwt.go:56.2,56.61 1 1
github.com/chat-note/backend/internal/crypto/jwt.go:56.61,58.3 1 1
github.com/chat-note/backend/internal/crypto/jwt.go:60.2,60.41 1 0
github.com/chat-note/backend/internal/crypto/jwt.go:64.72,68.2 3 1
github.com/chat-note/backend/internal/crypto/jwt.go:71.69,73.2 1 1
github.com/chat-note/backend/internal/crypto/password.go:10.52,12.16 2 1
github.com/chat-note/backend/internal/crypto/password.go:12.16,14.3 1 1
github.com/chat-note/backend/internal/crypto/password.go:15.2,15.26 1 1
github.com/chat-note/backend/internal/crypto/password.go:19.48,22.2 2 1
github.com/chat-note/backend/internal/utils/response.go:14.71,19.2 1 1
github.com/chat-note/backend/internal/utils/response.go:21.50,23.2 1 1
github.com/chat-note/backend/internal/utils/response.go:25.61,27.2 1 1
github.com/chat-note/backend/internal/utils/response.go:29.52,31.2 1 1
github.com/chat-note/backend/internal/middleware/auth.go:11.58,12.30 1 1
github.com/chat-note/backend/internal/middleware/auth.go:12.30,14.23 2 1
github.com/chat-note/backend/internal/middleware/auth.go:14.23,21.4 3 1
github.com/chat-note/backend/internal/middleware/auth.go:23.3,24.46 2 1
github.com/chat-note/backend/internal/middleware/auth.go:24.46,31.4 3 1
github.com/chat-note/backend/internal/middleware/auth.go:33.3,34.17 2 1
github.com/chat-note/backend/internal/middleware/auth.go:34.17,41.4 3 1
github.com/chat-note/backend/internal/middleware/auth.go:44.3,46.11 3 1
github.com/chat-note/backend/internal/middleware/auth.go:51.37,52.48 1 1
github.com/chat-note/backend/internal/middleware/auth.go:52.48,54.3 1 1
github.com/chat-note/backend/internal/middleware/auth.go:55.2,55.10 1 1
github.com/chat-note/backend/internal/middleware/auth.go:59.38,60.45 1 1
github.com/chat-note/backend/internal/middleware/auth.go:60.45,62.3 1 1
github.com/chat-note/backend/internal/middleware/auth.go:63.2,63.11 1 1
github.com/chat-note/backend/internal/middleware/common.go:9.31,10.75 1 0
github.com/chat-note/backend/internal/middleware/common.go:10.75,12.3 1 0
github.com/chat-note/backend/internal/middleware/common.go:15.33,16.30 1 0
github.com/chat-note/backend/internal/middleware/common.go:16.30,17.16 1 0
github.com/chat-note/backend/internal/middleware/common.go:17.16,18.36 1 0
github.com/chat-note/backend/internal/middleware/common.go:18.36,24.5 2 0
github.com/chat-note/backend/internal/middleware/common.go:26.3,26.11 1 0
github.com/chat-note/backend/internal/middleware/cors.go:8.47,9.30 1 0
github.com/chat-note/backend/internal/middleware/cors.go:9.30,11.20 2 0
github.com/chat-note/backend/internal/middleware/cors.go:11.20,13.4 1 0
github.com/chat-note/backend/internal/middleware/cors.go:15.3,21.36 6 0
github.com/chat-note/backend/internal/middleware/cors.go:21.36,24.4 2 0
github.com/chat-note/backend/internal/middleware/cors.go:26.3,26.11 1 0
github.com/chat-note/backend/internal/repository/conversation.go:11.58,13.2 1 1
github.com/chat-note/backend/internal/repository/conversation.go:15.74,17.2 1 1
github.com/chat-note/backend/internal/repository/conversation.go:19.91,25.2 3 1
github.com/chat-note/backend/internal/repository/conversation.go:27.82,30.16 3 1
github.com/chat-note/backend/internal/repository/conversation.go:30.16,32.3 1 1
github.com/chat-note/backend/internal/repository/conversation.go:33.2,33.19 1 1
github.com/chat-note/backend/internal/repository/conversation.go:36.99,39.16 3 1
github.com/chat-note/backend/internal/repository/conversation.go:39.16,41.3 1 1
github.com/chat-note/backend/internal/repository/conversation.go:42.2,42.19 1 1
github.com/chat-note/backend/internal/repository/conversation.go:45.94,47.68 2 1
github.com/chat-note/backend/internal/repository/conversation.go:47.68,49.3 1 1
github.com/chat-note/backend/internal/repository/conversation.go:50.2,50.16 1 1
github.com/chat-note/backend/internal/repository/conversation.go:50.16,52.3 1 0
github.com/chat-note/backend/internal/repository/conversation.go:53.2,53.19 1 1
github.com/chat-note/backend/internal/repository/conversation.go:56.74,58.2 1 1
github.com/chat-note/backend/internal/repository/conversation.go:60.64,62.2 1 1
github.com/chat-note/backend/internal/repository/conversation.go:66.48,68.2 1 1
github.com/chat-note/backend/internal/repository/conversation.go:70.63,72.2 1 1
github.com/chat-note/backend/internal/repository/conversation.go:74.89,80.2 3 1
github.com/chat-note/backend/internal/repository/conversation.go:82.121,85.18 3 0
github.com/chat-note/backend/internal/repository/conversation.go:85.18,87.3 1 0
github.com/chat-note/backend/internal/repository/conversation.go:88.2,89.22 2 0
github.com/chat-note/backend/internal/repository/conversation.go:92.51,94.2 1 0
github.com/chat-note/backend/internal/repository/conversation.go:96.91,101.16 3 1
github.com/chat-note/backend/internal/repository/conversation.go:101.16,103.3 1 0
github.com/chat-note/backend/internal/repository/conversation.go:104.2,104.18 1 1
github.com/chat-note/backend/internal/repository/note.go:10.42,12.2 1 1
github.com/chat-note/backend/internal/repository/note.go:14.58,16.2 1 1
github.com/chat-note/backend/internal/repository/note.go:18.107,22.46 3 1
github.com/chat-note/backend/internal/repository/note.go:22.46,24.3 1 1
github.com/chat-note/backend/internal/repository/note.go:25.2,25.35 1 1
github.com/chat-note/backend/internal/repository/note.go:25.35,28.3 1 0
github.com/chat-note/backend/internal/repository/note.go:29.2,29.41 1 1
github.com/chat-note/backend/internal/repository/note.go:29.41,31.3 1 0
github.com/chat-note/backend/internal/repository/note.go:33.2,34.19 2 1
github.com/chat-note/backend/internal/repository/note.go:37.66,40.16 3 1
github.com/chat-note/backend/internal/repository/note.go:40.16,42.3 1 1
github.com/chat-note/backend/internal/repository/note.go:43.2,43.19 1 1
github.com/chat-note/backend/internal/repository/note.go:46.83,51.16 3 1
github.com/chat-note/backend/internal/repository/note.go:51.16,53.3 1 1
github.com/chat-note/backend/internal/repository/note.go:54.2,54.19 1 1
github.com/chat-note/backend/internal/repository/note.go:57.58,59.2 1 1
github.com/chat-note/backend/internal/repository/note.go:61.56,63.2 1 1
github.com/chat-note/backend/internal/repository/note.go:65.56,67.2 1 1
github.com/chat-note/backend/internal/repository/note.go:69.66,71.2 1 1
github.com/chat-note/backend/internal/repository/note.go:73.69,75.2 1 1
github.com/chat-note/backend/internal/repository/note.go:77.83,81.2 1 1
github.com/chat-note/backend/internal/repository/note.go:85.46,87.2 1 1
github.com/chat-note/backend/internal/repository/note.go:89.64,91.2 1 1
github.com/chat-note/backend/internal/repository/note.go:93.79,97.2 3 1
github.com/chat-note/backend/internal/repository/note.go:99.70,102.16 3 0
github.com/chat-note/backend/internal/repository/note.go:102.16,104.3 1 0
github.com/chat-note/backend/internal/repository/note.go:105.2,105.21 1 0
github.com/chat-note/backend/internal/repository/note.go:108.87,111.16 3 1
github.com/chat-note/backend/internal/repository/note.go:111.16,113.3 1 1
github.com/chat-note/backend/internal/repository/note.go:114.2,114.21 1 1
github.com/chat-note/backend/internal/repository/note.go:117.64,119.2 1 1
github.com/chat-note/backend/internal/repository/note.go:121.58,123.2 1 1
github.com/chat-note/backend/internal/repository/note.go:125.83,129.2 3 0
github.com/chat-note/backend/internal/repository/note.go:131.82,135.2 3 0
github.com/chat-note/backend/internal/repository/note.go:139.40,141.2 1 1
github.com/chat-note/backend/internal/repository/note.go:143.73,153.2 3 1
github.com/chat-note/backend/internal/repository/note.go:155.69,161.2 3 1
github.com/chat-note/backend/internal/repository/provider.go:11.50,13.2 1 1
github.com/chat-note/backend/internal/repository/provider.go:15.70,17.2 1 1
github.com/chat-note/backend/internal/repository/provider.go:19.83,26.2 3 1
github.com/chat-note/backend/internal/repository/provider.go:28.79,33.16 3 1
github.com/chat-note/backend/internal/repository/provider.go:33.16,35.3 1 1
github.com/chat-note/backend/internal/repository/provider.go:36.2,36.23 1 1
github.com/chat-note/backend/internal/repository/provider.go:39.101,44.16 3 1
github.com/chat-note/backend/internal/repository/provider.go:44.16,46.3 1 1
github.com/chat-note/backend/internal/repository/provider.go:47.2,47.23 1 1
github.com/chat-note/backend/internal/repository/provider.go:50.70,52.2 1 1
github.com/chat-note/backend/internal/repository/provider.go:54.70,56.2 1 1
github.com/chat-note/backend/internal/repository/provider_model.go:11.60,13.2 1 1
github.com/chat-note/backend/internal/repository/provider_model.go:15.77,17.2 1 1
github.com/chat-note/backend/internal/repository/provider_model.go:19.106,25.2 3 1
github.com/chat-note/backend/internal/repository/provider_model.go:27.89,30.16 3 1
github.com/chat-note/backend/internal/repository/provider_model.go:30.16,32.3 1 1
github.com/chat-note/backend/internal/repository/provider_model.go:33.2,33.20 1 1
github.com/chat-note/backend/internal/repository/provider_model.go:36.114,39.16 3 0
github.com/chat-note/backend/internal/repository/provider_model.go:39.16,41.3 1 0
github.com/chat-note/backend/internal/repository/provider_model.go:42.2,42.20 1 0
github.com/chat-note/backend/internal/repository/provider_model.go:45.77,47.2 1 1
github.com/chat-note/backend/internal/repository/provider_model.go:49.74,51.2 1 1
github.com/chat-note/backend/internal/repository/provider_model.go:53.84,55.2 1 1
github.com/chat-note/backend/internal/repository/provider_model.go:57.83,61.49 1 1
github.com/chat-note/backend/internal/repository/provider_model.go:61.49,63.3 1 0
github.com/chat-note/backend/internal/repository/provider_model.go:65.2,67.35 1 1
github.com/chat-note/backend/internal/repository/refresh_token.go:13.58,15.2 1 1
github.com/chat-note/backend/internal/repository/refresh_token.go:17.75,20.2 2 1
github.com/chat-note/backend/internal/repository/refresh_token.go:22.90,26.16 4 1
github.com/chat-note/backend/internal/repository/refresh_token.go:26.16,28.3 1 1
github.com/chat-note/backend/internal/repository/refresh_token.go:29.2,29.17 1 0
github.com/chat-note/backend/internal/repository/refresh_token.go:32.68,35.2 2 0
github.com/chat-note/backend/internal/repository/refresh_token.go:37.68,39.2 1 1
github.com/chat-note/backend/internal/repository/refresh_token.go:41.37,44.2 2 1
github.com/chat-note/backend/internal/repository/user.go:10.42,12.2 1 1
github.com/chat-note/backend/internal/repository/user.go:14.58,16.2 1 1
github.com/chat-note/backend/internal/repository/user.go:18.74,21.16 3 1
github.com/chat-note/backend/internal/repository/user.go:21.16,23.3 1 1
github.com/chat-note/backend/internal/repository/user.go:24.2,24.19 1 1
github.com/chat-note/backend/internal/repository/user.go:27.66,30.16 3 1
github.com/chat-note/backend/internal/repository/user.go:30.16,32.3 1 1
github.com/chat-note/backend/internal/repository/user.go:33.2,33.19 1 1
github.com/chat-note/backend/internal/services/ai.go:20.75,22.46 2 1
github.com/chat-note/backend/internal/services/ai.go:22.46,26.3 3 0
github.com/chat-note/backend/internal/services/ai.go:28.2,32.3 1 1
github.com/chat-note/backend/internal/services/ai.go:42.116,44.19 1 1
github.com/chat-note/backend/internal/services/ai.go:44.19,62.3 1 1
github.com/chat-note/backend/internal/services/ai.go:65.2,66.16 2 0
github.com/chat-note/backend/internal/services/ai.go:66.16,68.3 1 0
github.com/chat-note/backend/internal/services/ai.go:71.2,71.27 1 0
github.com/chat-note/backend/internal/services/ai.go:71.27,73.3 1 0
github.com/chat-note/backend/internal/services/ai.go:76.2,77.36 2 0
github.com/chat-note/backend/internal/services/ai.go:77.36,79.39 2 0
github.com/chat-note/backend/internal/services/ai.go:79.39,81.4 1 0
github.com/chat-note/backend/internal/services/ai.go:82.3,82.67 1 0
github.com/chat-note/backend/internal/services/ai.go:86.2,103.16 3 0
github.com/chat-note/backend/internal/services/ai.go:103.16,105.3 1 0
github.com/chat-note/backend/internal/services/ai.go:107.2,107.28 1 0
github.com/chat-note/backend/internal/services/ai.go:107.28,109.3 1 0
github.com/chat-note/backend/internal/services/ai.go:112.2,114.16 3 0
github.com/chat-note/backend/internal/services/ai.go:114.16,121.3 1 0
github.com/chat-note/backend/internal/services/ai.go:123.2,123.18 1 0
github.com/chat-note/backend/internal/services/ai.go:126.31,150.2 1 0
github.com/chat-note/backend/internal/services/ai.go:152.76,161.2 1 0
github.com/chat-note/backend/internal/services/ai.go:163.62,169.67 3 1
github.com/chat-note/backend/internal/services/ai.go:169.67,171.3 1 1
github.com/chat-note/backend/internal/services/ai.go:173.2,173.19 1 1
github.com/chat-note/backend/internal/services/ai.go:176.41,183.38 3 1
github.com/chat-note/backend/internal/services/ai.go:183.38,184.34 1 1
github.com/chat-note/backend/internal/services/ai.go:184.34,187.44 2 1
github.com/chat-note/backend/internal/services/ai.go:187.44,188.32 1 1
github.com/chat-note/backend/internal/services/ai.go:188.32,191.6 2 1
github.com/chat-note/backend/internal/services/ai.go:193.9,193.73 1 1
github.com/chat-note/backend/internal/services/ai.go:193.73,196.44 2 1
github.com/chat-note/backend/internal/services/ai.go:196.44,197.32 1 1
github.com/chat-note/backend/internal/services/ai.go:197.32,200.6 2 1
github.com/chat-note/backend/internal/services/ai.go:206.2,206.16 1 1
github.com/chat-note/backend/internal/handlers/auth.go:20.65,26.2 1 1
github.com/chat-note/backend/internal/handlers/auth.go:49.48,51.47 2 1
github.com/chat-note/backend/internal/handlers/auth.go:51.47,54.3 2 1
github.com/chat-note/backend/internal/handlers/auth.go:57.2,57.79 1 1
github.com/chat-note/backend/internal/handlers/auth.go:57.79,60.3 2 1
github.com/chat-note/backend/internal/handlers/auth.go:63.2,64.16 2 1
github.com/chat-note/backend/internal/handlers/auth.go:64.16,67.3 2 0
github.com/chat-note/backend/internal/handlers/auth.go:70.2,74.48 2 1
github.com/chat-note/backend/internal/handlers/auth.go:74.48,77.3 2 0
github.com/chat-note/backend/internal/handlers/auth.go:80.2,81.16 2 1
github.com/chat-note/backend/internal/handlers/auth.go:81.16,84.3 2 0
github.com/chat-note/backend/internal/handlers/auth.go:86.2,87.16 2 1
github.com/chat-note/backend/internal/handlers/auth.go:87.16,90.3 2 0
github.com/chat-note/backend/internal/handlers/auth.go:93.2,98.54 2 1
github.com/chat-note/backend/internal/handlers/auth.go:98.54,101.3 2 0
github.com/chat-note/backend/internal/handlers/auth.go:103.2,107.4 1 1
github.com/chat-note/backend/internal/handlers/auth.go:111.45,113.47 2 1
github.com/chat-note/backend/internal/handlers/auth.go:113.47,116.3 2 0
github.com/chat-note/backend/internal/handlers/auth.go:119.2,120.16 2 1
github.com/chat-note/backend/internal/handlers/auth.go:120.16,123.3 2 1
github.com/chat-note/backend/internal/handlers/auth.go:126.2,126.60 1 1
github.com/chat-note/backend/internal/handlers/auth.go:126.60,129.3 2 1
github.com/chat-note/backend/internal/handlers/auth.go:132.2,133.16 2 1
github.com/chat-note/backend/internal/handlers/auth.go:133.16,136.3 2 0
github.com/chat-note/backend/internal/handlers/auth.go:138.2,139.16 2 1
github.com/chat-note/backend/internal/handlers/auth.go:139.16,142.3 2 0
github.com/chat-note/backend/internal/handlers/auth.go:145.2,150.54 2 1
github.com/chat-note/backend/internal/handlers/auth.go:150.54,153.3 2 0
github.com/chat-note/backend/internal/handlers/auth.go:155.2,159.4 1 1
github.com/chat-note/backend/internal/handlers/auth.go:163.47,165.47 2 0
github.com/chat-note/backend/internal/handlers/auth.go:165.47,168.3 2 0
github.com/chat-note/backend/internal/handlers/auth.go:171.2,172.16 2 0
github.com/chat-note/backend/internal/handlers/auth.go:172.16,175.3 2 0
github.com/chat-note/backend/internal/handlers/auth.go:178.2,179.16 2 0
github.com/chat-note/backend/internal/handlers/auth.go:179.16,182.3 2 0
github.com/chat-note/backend/internal/handlers/auth.go:185.2,189.16 3 0
github.com/chat-note/backend/internal/handlers/auth.go:189.16,192.3 2 0
github.com/chat-note/backend/internal/handlers/auth.go:194.2,195.16 2 0
github.com/chat-note/backend/internal/handlers/auth.go:195.16,198.3 2 0
github.com/chat-note/backend/internal/handlers/auth.go:201.2,206.57 2 0
github.com/chat-note/backend/internal/handlers/auth.go:206.57,209.3 2 0
github.com/chat-note/backend/internal/handlers/auth.go:211.2,215.4 1 0
github.com/chat-note/backend/internal/handlers/auth.go:219.46,221.47 2 1
github.com/chat-note/backend/internal/handlers/auth.go:221.47,225.3 2 1
github.com/chat-note/backend/internal/handlers/auth.go:228.2,230.49 2 1
github.com/chat-note/backend/internal/handlers/auth.go:234.54,238.16 3 1
github.com/chat-note/backend/internal/handlers/auth.go:238.16,241.3 2 0
github.com/chat-note/backend/internal/handlers/auth.go:243.2,243.29 1 1
github.com/chat-note/backend/internal/handlers/conversation.go:32.97,41.2 1 1
github.com/chat-note/backend/internal/handlers/conversation.go:54.52,58.16 3 1
github.com/chat-note/backend/internal/handlers/conversation.go:58.16,61.3 2 0
github.com/chat-note/backend/internal/handlers/conversation.go:63.2,63.53 1 1
github.com/chat-note/backend/internal/handlers/conversation.go:67.54,71.47 3 1
github.com/chat-note/backend/internal/handlers/conversation.go:71.47,74.3 2 0
github.com/chat-note/backend/internal/handlers/conversation.go:76.2,77.17 2 1
github.com/chat-note/backend/internal/handlers/conversation.go:77.17,79.3 1 1
github.com/chat-note/backend/internal/handlers/conversation.go:81.2,87.48 2 1
github.com/chat-note/backend/internal/handlers/conversation.go:87.48,90.3 2 0
github.com/chat-note/backend/internal/handlers/conversation.go:92.2,92.49 1 1
github.com/chat-note/backend/internal/handlers/conversation.go:96.51,99.16 3 1
github.com/chat-note/backend/internal/handlers/conversation.go:99.16,102.3 2 1
github.com/chat-note/backend/internal/handlers/conversation.go:104.2,105.16 2 1
github.com/chat-note/backend/internal/handlers/conversation.go:105.16,108.3 2 1
github.com/chat-note/backend/internal/handlers/conversation.go:110.2,110.27 1 1
github.com/chat-note/backend/internal/handlers/conversation.go:110.27,113.3 2 1
github.com/chat-note/backend/internal/handlers/conversation.go:115.2,115.44 1 1
github.com/chat-note/backend/internal/handlers/conversation.go:119.54,122.16 3 1
github.com/chat-note/backend/internal/handlers/conversation.go:122.16,125.3 2 0
github.com/chat-note/backend/internal/handlers/conversation.go:127.2,128.16 2 1
github.com/chat-note/backend/internal/handlers/conversation.go:128.16,131.3 2 1
github.com/chat-note/backend/internal/handlers/conversation.go:133.2,136.47 2 1
github.com/chat-note/backend/internal/handlers/conversation.go:136.47,139.3 2 0
github.com/chat-note/backend/internal/handlers/conversation.go:141.2,141.21 1 1
github.com/chat-note/backend/internal/handlers/conversation.go:141.21,143.3 1 1
github.com/chat-note/backend/internal/handlers/conversation.go:145.2,145.48 1 1
github.com/chat-note/backend/internal/handlers/conversation.go:145.48,148.3 2 0
github.com/chat-note/backend/internal/handlers/conversation.go:150.2,150.44 1 1
github.com/chat-note/backend/internal/handlers/conversation.go:154.54,157.16 3 1
github.com/chat-note/backend/internal/handlers/conversation.go:157.16,160.3 2 1
github.com/chat-note/backend/internal/handlers/conversation.go:162.2,162.64 1 1
github.com/chat-note/backend/internal/handlers/conversation.go:162.64,165.3 2 0
github.com/chat-note/backend/internal/handlers/conversation.go:167.2,167.65 1 1
github.com/chat-note/backend/internal/handlers/conversation.go:171.57,174.16 3 1
github.com/chat-note/backend/internal/handlers/conversation.go:174.16,177.3 2 0
github.com/chat-note/backend/internal/handlers/conversation.go:179.2,180.16 2 1
github.com/chat-note/backend/internal/handlers/conversation.go:180.16,183.3 2 1
github.com/chat-note/backend/internal/handlers/conversation.go:185.2,186.48 2 1
github.com/chat-note/backend/internal/handlers/conversation.go:186.48,189.3 2 0
github.com/chat-note/backend/internal/handlers/conversation.go:191.2,191.44 1 1
github.com/chat-note/backend/internal/handlers/conversation.go:195.59,198.16 3 1
github.com/chat-note/backend/internal/handlers/conversation.go:198.16,201.3 2 0
github.com/chat-note/backend/internal/handlers/conversation.go:203.2,204.16 2 1
github.com/chat-note/backend/internal/handlers/conversation.go:204.16,207.3 2 1
github.com/chat-note/backend/internal/handlers/conversation.go:209.2,213.18 4 1
github.com/chat-note/backend/internal/handlers/conversation.go:213.18,215.3 1 0
github.com/chat-note/backend/internal/handlers/conversation.go:215.8,217.3 1 1
github.com/chat-note/backend/internal/handlers/conversation.go:219.2,219.16 1 1
github.com/chat-note/backend/internal/handlers/conversation.go:219.16,222.3 2 0
github.com/chat-note/backend/internal/handlers/conversation.go:224.2,224.48 1 1
github.com/chat-note/backend/internal/handlers/conversation.go:228.59,231.16 3 1
github.com/chat-note/backend/internal/handlers/conversation.go:231.16,234.3 2 0
github.com/chat-note/backend/internal/handlers/conversation.go:236.2,237.16 2 1
github.com/chat-note/backend/internal/handlers/conversation.go:237.16,240.3 2 1
github.com/chat-note/backend/internal/handlers/conversation.go:242.2,243.47 2 1
github.com/chat-note/backend/internal/handlers/conversation.go:243.47,246.3 2 1
github.com/chat-note/backend/internal/handlers/conversation.go:249.2,254.50 2 1
github.com/chat-note/backend/internal/handlers/conversation.go:254.50,257.3 2 0
github.com/chat-note/backend/internal/handlers/conversation.go:260.2,260.19 1 1
github.com/chat-note/backend/internal/handlers/conversation.go:260.19,261.17 1 1
github.com/chat-note/backend/internal/handlers/conversation.go:261.17,263.4 1 0
github.com/chat-note/backend/internal/handlers/conversation.go:263.9,265.4 1 1
github.com/chat-note/backend/internal/handlers/conversation.go:266.3,266.9 1 1
github.com/chat-note/backend/internal/handlers/conversation.go:270.2,270.33 1 0
github.com/chat-note/backend/internal/handlers/conversation.go:270.33,273.3 2 0
github.com/chat-note/backend/internal/handlers/conversation.go:275.2,276.16 2 0
github.com/chat-note/backend/internal/handlers/conversation.go:276.16,279.3 2 0
github.com/chat-note/backend/internal/handlers/conversation.go:281.2,282.16 2 0
github.com/chat-note/backend/internal/handlers/conversation.go:282.16,285.3 2 0
github.com/chat-note/backend/internal/handlers/conversation.go:288.2,289.16 2 0
github.com/chat-note/backend/internal/handlers/conversation.go:289.16,292.3 2 0
github.com/chat-note/backend/internal/handlers/conversation.go:295.2,296.16 2 0
github.com/chat-note/backend/internal/handlers/conversation.go:296.16,299.3 2 0
github.com/chat-note/backend/internal/handlers/conversation.go:302.2,303.31 2 0
github.com/chat-note/backend/internal/handlers/conversation.go:303.31,305.39 2 0
github.com/chat-note/backend/internal/handlers/conversation.go:305.39,307.4 1 0
github.com/chat-note/backend/internal/handlers/conversation.go:308.3,311.4 1 0
github.com/chat-note/backend/internal/handlers/conversation.go:315.2,319.16 4 0
github.com/chat-note/backend/internal/handlers/conversation.go:319.16,322.3 1 0
github.com/chat-note/backend/internal/handlers/conversation.go:322.8,325.3 1 0
github.com/chat-note/backend/internal/handlers/conversation.go:328.173,341.16 7 0
github.com/chat-note/backend/internal/handlers/conversation.go:341.16,345.3 3 0
github.com/chat-note/backend/internal/handlers/conversation.go:346.2,349.6 3 0
github.com/chat-note/backend/internal/handlers/conversation.go:349.6,351.17 2 0
github.com/chat-note/backend/internal/handlers/conversation.go:351.17,352.9 1 0
github.com/chat-note/backend/internal/handlers/conversation.go:355.3,355.32 1 0
github.com/chat-note/backend/internal/handlers/conversation.go:355.32,377.4 6 0
github.com/chat-note/backend/internal/handlers/conversation.go:381.2,392.18 5 0
github.com/chat-note/backend/internal/handlers/conversation.go:395.176,403.16 4 0
github.com/chat-note/backend/internal/handlers/conversation.go:403.16,406.3 2 0
github.com/chat-note/backend/internal/handlers/conversation.go:408.2,408.28 1 0
github.com/chat-note/backend/internal/handlers/conversation.go:408.28,411.3 2 0
github.com/chat-note/backend/internal/handlers/conversation.go:413.2,422.55 3 0
github.com/chat-note/backend/internal/handlers/conversation.go:422.55,425.3 2 0
github.com/chat-note/backend/internal/handlers/conversation.go:428.2,430.52 2 0
github.com/chat-note/backend/internal/handlers/conversation.go:434.99,440.36 4 0
github.com/chat-note/backend/internal/handlers/conversation.go:440.36,459.3 4 0
github.com/chat-note/backend/internal/handlers/conversation.go:462.2,473.18 5 0
github.com/chat-note/backend/internal/handlers/conversation.go:477.102,484.55 2 1
github.com/chat-note/backend/internal/handlers/conversation.go:484.55,487.3 2 0
github.com/chat-note/backend/internal/handlers/conversation.go:490.2,492.52 2 1
github.com/chat-note/backend/internal/handlers/conversation.go:496.58,499.16 3 1
github.com/chat-note/backend/internal/handlers/conversation.go:499.16,502.3 2 1
github.com/chat-note/backend/internal/handlers/conversation.go:504.2,505.16 2 1
github.com/chat-note/backend/internal/handlers/conversation.go:505.16,508.3 2 0
github.com/chat-note/backend/internal/handlers/conversation.go:510.2,511.16 2 1
github.com/chat-note/backend/internal/handlers/conversation.go:511.16,514.3 2 1
github.com/chat-note/backend/internal/handlers/conversation.go:517.2,517.54 1 1
github.com/chat-note/backend/internal/handlers/conversation.go:517.54,520.3 2 0
github.com/chat-note/backend/internal/handlers/conversation.go:523.2,524.16 2 1
github.com/chat-note/backend/internal/handlers/conversation.go:524.16,527.3 2 0
github.com/chat-note/backend/internal/handlers/conversation.go:530.2,530.19 1 1
github.com/chat-note/backend/internal/handlers/conversation.go:530.19,536.56 2 1
github.com/chat-note/backend/internal/handlers/conversation.go:536.56,539.4 2 0
github.com/chat-note/backend/internal/handlers/conversation.go:540.3,541.9 2 1
github.com/chat-note/backend/internal/handlers/conversation.go:545.2,545.33 1 0
github.com/chat-note/backend/internal/handlers/conversation.go:545.33,548.3 2 0
github.com/chat-note/backend/internal/handlers/conversation.go:550.2,551.16 2 0
github.com/chat-note/backend/internal/handlers/conversation.go:551.16,554.3 2 0
github.com/chat-note/backend/internal/handlers/conversation.go:556.2,557.16 2 0
github.com/chat-note/backend/internal/handlers/conversation.go:557.16,560.3 2 0
github.com/chat-note/backend/internal/handlers/conversation.go:562.2,563.16 2 0
github.com/chat-note/backend/internal/handlers/conversation.go:563.16,566.3 2 0
github.com/chat-note/backend/internal/handlers/conversation.go:569.2,570.31 2 0
github.com/chat-note/backend/internal/handlers/conversation.go:570.31,572.39 2 0
github.com/chat-note/backend/internal/handlers/conversation.go:572.39,574.4 1 0
github.com/chat-note/backend/internal/handlers/conversation.go:575.3,578.4 1 0
github.com/chat-note/backend/internal/handlers/conversation.go:581.2,592.16 7 0
github.com/chat-note/backend/internal/handlers/conversation.go:592.16,595.3 2 0
github.com/chat-note/backend/internal/handlers/conversation.go:597.2,597.28 1 0
github.com/chat-note/backend/internal/handlers/conversation.go:597.28,600.3 2 0
github.com/chat-note/backend/internal/handlers/conversation.go:602.2,609.55 3 0
github.com/chat-note/backend/internal/handlers/conversation.go:609.55,612.3 2 0
github.com/chat-note/backend/internal/handlers/conversation.go:614.2,614.52 1 0
github.com/chat-note/backend/internal/handlers/note.go:30.65,38.2 1 1
github.com/chat-note/backend/internal/handlers/note.go:65.44,69.54 3 1
github.com/chat-note/backend/internal/handlers/note.go:69.54,70.65 1 1
github.com/chat-note/backend/internal/handlers/note.go:70.65,72.4 1 1
github.com/chat-note/backend/internal/handlers/note.go:74.2,74.38 1 1
github.com/chat-note/backend/internal/handlers/note.go:74.38,76.3 1 0
github.com/chat-note/backend/internal/handlers/note.go:77.2,77.47 1 1
github.com/chat-note/backend/internal/handlers/note.go:77.47,79.3 1 0
github.com/chat-note/backend/internal/handlers/note.go:81.2,82.16 2 1
github.com/chat-note/backend/internal/handlers/note.go:82.16,85.3 2 0
github.com/chat-note/backend/internal/handlers/note.go:87.2,87.45 1 1
github.com/chat-note/backend/internal/handlers/note.go:91.46,95.47 3 1
github.com/chat-note/backend/internal/handlers/note.go:95.47,98.3 2 1
github.com/chat-note/backend/internal/handlers/note.go:100.2,108.48 2 1
github.com/chat-note/backend/internal/handlers/note.go:108.48,111.3 2 0
github.com/chat-note/backend/internal/handlers/note.go:114.2,114.23 1 1
github.com/chat-note/backend/internal/handlers/note.go:114.23,116.32 2 1
github.com/chat-note/backend/internal/handlers/note.go:116.32,118.4 1 1
github.com/chat-note/backend/internal/handlers/note.go:119.3,120.19 2 1
github.com/chat-note/backend/internal/handlers/note.go:123.2,123.49 1 1
github.com/chat-note/backend/internal/handlers/note.go:127.43,130.16 3 1
github.com/chat-note/backend/internal/handlers/note.go:130.16,133.3 2 0
github.com/chat-note/backend/internal/handlers/note.go:135.2,136.16 2 1
github.com/chat-note/backend/internal/handlers/note.go:136.16,139.3 2 1
github.com/chat-note/backend/internal/handlers/note.go:141.2,141.44 1 1
github.com/chat-note/backend/internal/handlers/note.go:145.46,148.16 3 1
github.com/chat-note/backend/internal/handlers/note.go:148.16,151.3 2 0
github.com/chat-note/backend/internal/handlers/note.go:153.2,154.16 2 1
github.com/chat-note/backend/internal/handlers/note.go:154.16,157.3 2 0
github.com/chat-note/backend/internal/handlers/note.go:159.2,160.47 2 1
github.com/chat-note/backend/internal/handlers/note.go:160.47,163.3 2 0
github.com/chat-note/backend/internal/handlers/note.go:165.2,165.21 1 1
github.com/chat-note/backend/internal/handlers/note.go:165.21,167.3 1 1
github.com/chat-note/backend/internal/handlers/note.go:168.2,168.23 1 1
github.com/chat-note/backend/internal/handlers/note.go:168.23,170.3 1 1
github.com/chat-note/backend/internal/handlers/note.go:171.2,171.25 1 1
github.com/chat-note/backend/internal/handlers/note.go:171.25,173.3 1 0
github.com/chat-note/backend/internal/handlers/note.go:175.2,175.48 1 1
github.com/chat-note/backend/internal/handlers/note.go:175.48,178.3 2 0
github.com/chat-note/backend/internal/handlers/note.go:181.2,181.21 1 1
github.com/chat-note/backend/internal/handlers/note.go:181.21,183.24 2 0
github.com/chat-note/backend/internal/handlers/note.go:183.24,185.33 2 0
github.com/chat-note/backend/internal/handlers/note.go:185.33,187.5 1 0
github.com/chat-note/backend/internal/handlers/note.go:188.4,189.20 2 0
github.com/chat-note/backend/internal/handlers/note.go:193.2,193.44 1 1
github.com/chat-note/backend/internal/handlers/note.go:197.46,200.16 3 1
github.com/chat-note/backend/internal/handlers/note.go:200.16,203.3 2 0
github.com/chat-note/backend/internal/handlers/note.go:205.2,205.64 1 1
github.com/chat-note/backend/internal/handlers/note.go:205.64,208.3 2 0
github.com/chat-note/backend/internal/handlers/note.go:210.2,210.57 1 1
github.com/chat-note/backend/internal/handlers/note.go:214.44,217.16 3 1
github.com/chat-note/backend/internal/handlers/note.go:217.16,220.3 2 0
github.com/chat-note/backend/internal/handlers/note.go:222.2,223.16 2 1
github.com/chat-note/backend/internal/handlers/note.go:223.16,226.3 2 0
github.com/chat-note/backend/internal/handlers/note.go:228.2,236.51 2 1
github.com/chat-note/backend/internal/handlers/note.go:236.51,239.3 2 0
github.com/chat-note/backend/internal/handlers/note.go:242.2,242.24 1 1
github.com/chat-note/backend/internal/handlers/note.go:242.24,244.33 2 0
github.com/chat-note/backend/internal/handlers/note.go:244.33,246.4 1 0
github.com/chat-note/backend/internal/handlers/note.go:247.3,248.22 2 0
github.com/chat-note/backend/internal/handlers/note.go:251.2,251.47 1 1
github.com/chat-note/backend/internal/handlers/note.go:255.46,258.16 3 0
github.com/chat-note/backend/internal/handlers/note.go:258.16,261.3 2 0
github.com/chat-note/backend/internal/handlers/note.go:263.2,264.16 2 0
github.com/chat-note/backend/internal/handlers/note.go:264.16,267.3 2 0
github.com/chat-note/backend/internal/handlers/note.go:270.2,271.32 2 0
github.com/chat-note/backend/internal/handlers/note.go:271.32,273.3 1 0
github.com/chat-note/backend/internal/handlers/note.go:275.2,276.19 2 0
github.com/chat-note/backend/internal/handlers/note.go:276.19,278.3 1 0
github.com/chat-note/backend/internal/handlers/note.go:280.2,282.58 3 0
github.com/chat-note/backend/internal/handlers/note.go:286.51,292.47 3 0
github.com/chat-note/backend/internal/handlers/note.go:292.47,295.3 2 0
github.com/chat-note/backend/internal/handlers/note.go:297.2,298.16 2 0
github.com/chat-note/backend/internal/handlers/note.go:298.16,301.3 2 0
github.com/chat-note/backend/internal/handlers/note.go:304.2,304.22 1 0
github.com/chat-note/backend/internal/handlers/note.go:304.22,306.30 2 0
github.com/chat-note/backend/internal/handlers/note.go:306.30,308.4 1 0
github.com/chat-note/backend/internal/handlers/note.go:309.3,310.30 2 0
github.com/chat-note/backend/internal/handlers/note.go:310.30,311.22 1 0
github.com/chat-note/backend/internal/handlers/note.go:311.22,313.5 1 0
github.com/chat-note/backend/internal/handlers/note.go:315.3,315.19 1 0
github.com/chat-note/backend/internal/handlers/note.go:319.2,322.29 3 0
github.com/chat-note/backend/internal/handlers/note.go:322.29,328.3 4 0
github.com/chat-note/backend/internal/handlers/note.go:330.2,333.55 3 0
github.com/chat-note/backend/internal/handlers/note.go:337.46,341.16 3 0
github.com/chat-note/backend/internal/handlers/note.go:341.16,344.3 2 0
github.com/chat-note/backend/internal/handlers/note.go:345.2,348.16 3 0
github.com/chat-note/backend/internal/handlers/note.go:348.16,351.3 2 0
github.com/chat-note/backend/internal/handlers/note.go:354.2,359.62 4 0
github.com/chat-note/backend/internal/handlers/note.go:359.62,363.3 3 0
github.com/chat-note/backend/internal/handlers/note.go:365.2,367.23 3 0
github.com/chat-note/backend/internal/handlers/note.go:367.23,368.68 1 0
github.com/chat-note/backend/internal/handlers/note.go:368.68,371.4 2 0
github.com/chat-note/backend/internal/handlers/note.go:374.2,381.48 2 0
github.com/chat-note/backend/internal/handlers/note.go:381.48,384.3 2 0
github.com/chat-note/backend/internal/handlers/note.go:386.2,386.49 1 0
github.com/chat-note/backend/internal/handlers/note.go:390.51,394.47 3 1
github.com/chat-note/backend/internal/handlers/note.go:394.47,397.3 2 0
github.com/chat-note/backend/internal/handlers/note.go:399.2,399.64 1 1
github.com/chat-note/backend/internal/handlers/note.go:399.64,402.3 2 0
github.com/chat-note/backend/internal/handlers/note.go:404.2,404.58 1 1
github.com/chat-note/backend/internal/handlers/note.go:408.49,412.47 3 0
github.com/chat-note/backend/internal/handlers/note.go:412.47,415.3 2 0
github.com/chat-note/backend/internal/handlers/note.go:417.2,417.82 1 0
github.com/chat-note/backend/internal/handlers/note.go:417.82,420.3 2 0
github.com/chat-note/backend/internal/handlers/note.go:422.2,422.56 1 0
github.com/chat-note/backend/internal/handlers/note.go:426.48,432.47 3 0
github.com/chat-note/backend/internal/handlers/note.go:432.47,435.3 2 0
github.com/chat-note/backend/internal/handlers/note.go:438.2,438.24 1 0
github.com/chat-note/backend/internal/handlers/note.go:438.24,441.3 2 0
github.com/chat-note/backend/internal/handlers/note.go:444.2,445.16 2 0
github.com/chat-note/backend/internal/handlers/note.go:445.16,448.3 2 0
github.com/chat-note/backend/internal/handlers/note.go:450.2,456.4 1 0
github.com/chat-note/backend/internal/handlers/note.go:459.43,463.16 3 0
github.com/chat-note/backend/internal/handlers/note.go:463.16,465.3 1 0
github.com/chat-note/backend/internal/handlers/note.go:466.2,466.13 1 0
github.com/chat-note/backend/internal/handlers/note.go:475.40,480.2 1 1
github.com/chat-note/backend/internal/handlers/note.go:483.46,487.16 3 1
github.com/chat-note/backend/internal/handlers/note.go:487.16,490.3 2 0
github.com/chat-note/backend/internal/handlers/note.go:493.2,494.44 2 1
github.com/chat-note/backend/internal/handlers/note.go:498.48,505.47 3 1
github.com/chat-note/backend/internal/handlers/note.go:505.47,508.3 2 0
github.com/chat-note/backend/internal/handlers/note.go:510.2,516.52 2 1
github.com/chat-note/backend/internal/handlers/note.go:516.52,519.3 2 0
github.com/chat-note/backend/internal/handlers/note.go:521.2,521.51 1 1
github.com/chat-note/backend/internal/handlers/note.go:525.45,528.16 3 0
github.com/chat-note/backend/internal/handlers/note.go:528.16,531.3 2 0
github.com/chat-note/backend/internal/handlers/note.go:533.2,534.16 2 0
github.com/chat-note/backend/internal/handlers/note.go:534.16,537.3 2 0
github.com/chat-note/backend/internal/handlers/note.go:539.2,539.46 1 0
github.com/chat-note/backend/internal/handlers/note.go:543.48,546.16 3 0
github.com/chat-note/backend/internal/handlers/note.go:546.16,549.3 2 0
github.com/chat-note/backend/internal/handlers/note.go:551.2,552.16 2 0
github.com/chat-note/backend/internal/handlers/note.go:552.16,555.3 2 0
github.com/chat-note/backend/internal/handlers/note.go:557.2,561.47 2 0
github.com/chat-note/backend/internal/handlers/note.go:561.47,564.3 2 0
github.com/chat-note/backend/internal/handlers/note.go:566.2,566.20 1 0
github.com/chat-note/backend/internal/handlers/note.go:566.20,568.3 1 0
github.com/chat-note/backend/internal/handlers/note.go:569.2,569.25 1 0
github.com/chat-note/backend/internal/handlers/note.go:569.25,571.3 1 0
github.com/chat-note/backend/internal/handlers/note.go:573.2,573.52 1 0
github.com/chat-note/backend/internal/handlers/note.go:573.52,576.3 2 0
github.com/chat-note/backend/internal/handlers/note.go:578.2,578.46 1 0
github.com/chat-note/backend/internal/handlers/note.go:582.48,585.16 3 0
github.com/chat-note/backend/internal/handlers/note.go:585.16,588.3 2 0
github.com/chat-note/backend/internal/handlers/note.go:591.2,592.29 2 0
github.com/chat-note/backend/internal/handlers/note.go:592.29,595.3 2 0
github.com/chat-note/backend/internal/handlers/note.go:597.2,597.68 1 0
github.com/chat-note/backend/internal/handlers/note.go:597.68,600.3 2 0
github.com/chat-note/backend/internal/handlers/note.go:602.2,602.59 1 0
github.com/chat-note/backend/internal/handlers/note.go:606.46,609.16 3 0
github.com/chat-note/backend/internal/handlers/note.go:609.16,612.3 2 0
github.com/chat-note/backend/internal/handlers/note.go:614.2,615.16 2 0
github.com/chat-note/backend/internal/handlers/note.go:615.16,618.3 2 0
github.com/chat-note/backend/internal/handlers/note.go:620.2,626.55 2 0
github.com/chat-note/backend/internal/handlers/note.go:626.55,629.3 2 0
github.com/chat-note/backend/internal/handlers/note.go:632.2,633.29 2 0
github.com/chat-note/backend/internal/handlers/note.go:633.29,641.3 2 0
github.com/chat-note/backend/internal/handlers/note.go:643.2,643.49 1 0
github.com/chat-note/backend/internal/handlers/note.go:646.79,648.33 2 1
github.com/chat-note/backend/internal/handlers/note.go:648.33,650.81 1 1
github.com/chat-note/backend/internal/handlers/note.go:650.81,654.4 3 1
github.com/chat-note/backend/internal/handlers/note.go:656.2,656.15 1 1
github.com/chat-note/backend/internal/handlers/note.go:664.34,666.2 1 1
github.com/chat-note/backend/internal/handlers/note.go:669.43,673.16 3 1
github.com/chat-note/backend/internal/handlers/note.go:673.16,676.3 2 0
github.com/chat-note/backend/internal/handlers/note.go:678.2,678.44 1 1
github.com/chat-note/backend/internal/handlers/provider.go:23.71,29.2 1 1
github.com/chat-note/backend/internal/handlers/provider.go:55.48,59.16 3 1
github.com/chat-note/backend/internal/handlers/provider.go:59.16,62.3 2 0
github.com/chat-note/backend/internal/handlers/provider.go:64.2,64.54 1 1
github.com/chat-note/backend/internal/handlers/provider.go:68.50,72.47 3 1
github.com/chat-note/backend/internal/handlers/provider.go:72.47,75.3 2 1
github.com/chat-note/backend/internal/handlers/provider.go:78.2,88.27 2 1
github.com/chat-note/backend/internal/handlers/provider.go:88.27,91.3 2 1
github.com/chat-note/backend/internal/handlers/provider.go:94.2,95.16 2 1
github.com/chat-note/backend/internal/handlers/provider.go:95.16,98.3 2 0
github.com/chat-note/backend/internal/handlers/provider.go:100.2,108.56 2 1
github.com/chat-note/backend/internal/handlers/provider.go:108.56,111.3 2 0
github.com/chat-note/backend/internal/handlers/provider.go:113.2,113.57 1 1
github.com/chat-note/backend/internal/handlers/provider.go:117.47,120.16 3 1
github.com/chat-note/backend/internal/handlers/provider.go:120.16,123.3 2 1
github.com/chat-note/backend/internal/handlers/provider.go:125.2,126.16 2 1
github.com/chat-note/backend/internal/handlers/provider.go:126.16,129.3 2 1
github.com/chat-note/backend/internal/handlers/provider.go:131.2,131.48 1 1
github.com/chat-note/backend/internal/handlers/provider.go:135.50,138.16 3 1
github.com/chat-note/backend/internal/handlers/provider.go:138.16,141.3 2 0
github.com/chat-note/backend/internal/handlers/provider.go:143.2,144.16 2 1
github.com/chat-note/backend/internal/handlers/provider.go:144.16,147.3 2 1
github.com/chat-note/backend/internal/handlers/provider.go:149.2,150.47 2 1
github.com/chat-note/backend/internal/handlers/provider.go:150.47,153.3 2 0
github.com/chat-note/backend/internal/handlers/provider.go:155.2,155.20 1 1
github.com/chat-note/backend/internal/handlers/provider.go:155.20,157.3 1 1
github.com/chat-note/backend/internal/handlers/provider.go:158.2,158.23 1 1
github.com/chat-note/backend/internal/handlers/provider.go:158.23,160.3 1 1
github.com/chat-note/backend/internal/handlers/provider.go:161.2,161.22 1 1
github.com/chat-note/backend/internal/handlers/provider.go:161.22,163.17 2 1
github.com/chat-note/backend/internal/handlers/provider.go:163.17,166.4 2 0
github.com/chat-note/backend/internal/handlers/provider.go:167.3,167.42 1 1
github.com/chat-note/backend/internal/handlers/provider.go:170.2,170.56 1 1
github.com/chat-note/backend/internal/handlers/provider.go:170.56,173.3 2 0
github.com/chat-note/backend/internal/handlers/provider.go:175.2,175.52 1 1
github.com/chat-note/backend/internal/handlers/provider.go:179.50,182.16 3 1
github.com/chat-note/backend/internal/handlers/provider.go:182.16,185.3 2 1
github.com/chat-note/backend/internal/handlers/provider.go:187.2,187.66 1 1
github.com/chat-note/backend/internal/handlers/provider.go:187.66,190.3 2 0
github.com/chat-note/backend/internal/handlers/provider.go:192.2,192.55 1 1
github.com/chat-note/backend/internal/handlers/provider.go:196.58,199.16 3 1
github.com/chat-note/backend/internal/handlers/provider.go:199.16,202.3 2 0
github.com/chat-note/backend/internal/handlers/provider.go:204.2,205.16 2 1
github.com/chat-note/backend/internal/handlers/provider.go:205.16,208.3 2 1
github.com/chat-note/backend/internal/handlers/provider.go:211.2,212.16 2 1
github.com/chat-note/backend/internal/handlers/provider.go:212.16,215.3 2 0
github.com/chat-note/backend/internal/handlers/provider.go:218.2,224.4 2 1
github.com/chat-note/backend/internal/handlers/provider.go:227.68,231.2 1 1
github.com/chat-note/backend/internal/handlers/provider.go:242.62,245.16 3 1
github.com/chat-note/backend/internal/handlers/provider.go:245.16,248.3 2 1
github.com/chat-note/backend/internal/handlers/provider.go:250.2,251.16 2 1
github.com/chat-note/backend/internal/handlers/provider.go:251.16,254.3 2 1
github.com/chat-note/backend/internal/handlers/provider.go:257.2,258.16 2 1
github.com/chat-note/backend/internal/handlers/provider.go:258.16,261.3 2 1
github.com/chat-note/backend/internal/handlers/provider.go:264.2,265.16 2 0
github.com/chat-note/backend/internal/handlers/provider.go:265.16,268.3 2 0
github.com/chat-note/backend/internal/handlers/provider.go:270.2,270.48 1 0
github.com/chat-note/backend/internal/handlers/provider.go:273.77,278.36 3 0
github.com/chat-note/backend/internal/handlers/provider.go:278.36,280.3 1 0
github.com/chat-note/backend/internal/handlers/provider.go:282.2,283.16 2 0
github.com/chat-note/backend/internal/handlers/provider.go:283.16,285.3 1 0
github.com/chat-note/backend/internal/handlers/provider.go:287.2,290.16 3 0
github.com/chat-note/backend/internal/handlers/provider.go:290.16,292.3 1 0
github.com/chat-note/backend/internal/handlers/provider.go:293.2,295.38 2 0
github.com/chat-note/backend/internal/handlers/provider.go:295.38,297.3 1 0
github.com/chat-note/backend/internal/handlers/provider.go:299.2,302.67 2 0
github.com/chat-note/backend/internal/handlers/provider.go:302.67,304.3 1 0
github.com/chat-note/backend/internal/handlers/provider.go:306.2,306.25 1 0
github.com/chat-note/backend/internal/handlers/provider_model.go:20.54,25.2 1 0
github.com/chat-note/backend/internal/handlers/provider_model.go:45.53,48.16 3 0
github.com/chat-note/backend/internal/handlers/provider_model.go:48.16,51.3 2 0
github.com/chat-note/backend/internal/handlers/provider_model.go:54.2,55.16 2 0
github.com/chat-note/backend/internal/handlers/provider_model.go:55.16,58.3 2 0
github.com/chat-note/backend/internal/handlers/provider_model.go:60.2,61.16 2 0
github.com/chat-note/backend/internal/handlers/provider_model.go:61.16,64.3 2 0
github.com/chat-note/backend/internal/handlers/provider_model.go:66.2,66.48 1 0
github.com/chat-note/backend/internal/handlers/provider_model.go:70.52,73.16 3 0
github.com/chat-note/backend/internal/handlers/provider_model.go:73.16,76.3 2 0
github.com/chat-note/backend/internal/handlers/provider_model.go:78.2,79.16 2 0
github.com/chat-note/backend/internal/handlers/provider_model.go:79.16,82.3 2 0
github.com/chat-note/backend/internal/handlers/provider_model.go:84.2,85.47 2 0
github.com/chat-note/backend/internal/handlers/provider_model.go:85.47,88.3 2 0
github.com/chat-note/backend/internal/handlers/provider_model.go:90.2,91.23 2 0
github.com/chat-note/backend/internal/handlers/provider_model.go:91.23,93.3 1 0
github.com/chat-note/backend/internal/handlers/provider_model.go:95.2,103.50 2 0
github.com/chat-note/backend/internal/handlers/provider_model.go:103.50,106.3 2 0
github.com/chat-note/backend/internal/handlers/provider_model.go:108.2,108.51 1 0
github.com/chat-note/backend/internal/handlers/provider_model.go:112.55,115.16 3 0
github.com/chat-note/backend/internal/handlers/provider_model.go:115.16,118.3 2 0
github.com/chat-note/backend/internal/handlers/provider_model.go:120.2,121.16 2 0
github.com/chat-note/backend/internal/handlers/provider_model.go:121.16,124.3 2 0
github.com/chat-note/backend/internal/handlers/provider_model.go:126.2,127.16 2 0
github.com/chat-note/backend/internal/handlers/provider_model.go:127.16,130.3 2 0
github.com/chat-note/backend/internal/handlers/provider_model.go:132.2,133.16 2 0
github.com/chat-note/backend/internal/handlers/provider_model.go:133.16,136.3 2 0
github.com/chat-note/backend/internal/handlers/provider_model.go:138.2,139.47 2 0
github.com/chat-note/backend/internal/handlers/provider_model.go:139.47,142.3 2 0
github.com/chat-note/backend/internal/handlers/provider_model.go:144.2,144.27 1 0
github.com/chat-note/backend/internal/handlers/provider_model.go:144.27,146.3 1 0
github.com/chat-note/backend/internal/handlers/provider_model.go:147.2,151.50 4 0
github.com/chat-note/backend/internal/handlers/provider_model.go:151.50,154.3 2 0
github.com/chat-note/backend/internal/handlers/provider_model.go:156.2,156.46 1 0
github.com/chat-note/backend/internal/handlers/provider_model.go:160.55,163.16 3 0
github.com/chat-note/backend/internal/handlers/provider_model.go:163.16,166.3 2 0
github.com/chat-note/backend/internal/handlers/provider_model.go:168.2,169.16 2 0
github.com/chat-note/backend/internal/handlers/provider_model.go:169.16,172.3 2 0
github.com/chat-note/backend/internal/handlers/provider_model.go:174.2,175.16 2 0
github.com/chat-note/backend/internal/handlers/provider_model.go:175.16,178.3 2 0
github.com/chat-note/backend/internal/handlers/provider_model.go:180.2,180.64 1 0
github.com/chat-note/backend/internal/handlers/provider_model.go:180.64,183.3 2 0
github.com/chat-note/backend/internal/handlers/provider_model.go:185.2,185.52 1 0
github.com/chat-note/backend/internal/handlers/provider_model.go:189.57,192.16 3 0
github.com/chat-note/backend/internal/handlers/provider_model.go:192.16,195.3 2 0
github.com/chat-note/backend/internal/handlers/provider_model.go:197.2,198.16 2 0
github.com/chat-note/backend/internal/handlers/provider_model.go:198.16,201.3 2 0
github.com/chat-note/backend/internal/handlers/provider_model.go:203.2,204.47 2 0
github.com/chat-note/backend/internal/handlers/provider_model.go:204.47,207.3 2 0
github.com/chat-note/backend/internal/handlers/provider_model.go:209.2,210.31 2 0
github.com/chat-note/backend/internal/handlers/provider_model.go:210.31,212.24 2 0
github.com/chat-note/backend/internal/handlers/provider_model.go:212.24,214.4 1 0
github.com/chat-note/backend/internal/handlers/provider_model.go:216.3,222.5 1 0
github.com/chat-note/backend/internal/handlers/provider_model.go:225.2,225.59 1 0
github.com/chat-note/backend/internal/handlers/provider_model.go:225.59,228.3 2 0
github.com/chat-note/backend/internal/handlers/provider_model.go:230.2,230.56 1 0
github.com/chat-note/backend/internal/handlers/provider_model.go:234.59,237.16 3 0
github.com/chat-note/backend/internal/handlers/provider_model.go:237.16,240.3 2 0
github.com/chat-note/backend/internal/handlers/provider_model.go:242.2,243.16 2 0
github.com/chat-note/backend/internal/handlers/provider_model.go:243.16,246.3 2 0
github.com/chat-note/backend/internal/handlers/provider_model.go:248.2,249.16 2 0
github.com/chat-note/backend/internal/handlers/provider_model.go:249.16,252.3 2 0
github.com/chat-note/backend/internal/handlers/provider_model.go:254.2,254.68 1 0
github.com/chat-note/backend/internal/handlers/provider_model.go:254.68,257.3 2 0
github.com/chat-note/backend/internal/handlers/provider_model.go:259.2,260.46 2 0
